2025-08-29 23:46:47,892 [INFO] Старт make_video_from_audio_and_image
2025-08-29 23:46:47,893 [INFO] Найдено аудио-файлов: 1
2025-08-29 23:46:47,893 [INFO] (1/1) Аудио: D:\Entertaimant\Английский\! свои рассказы\Видео\001_01_At the Supermarket_en.mp3
2025-08-29 23:46:47,893 [INFO]   Картинка: D:\Entertaimant\Английский\! свои рассказы\Видео\001_01_At the Supermarket_en.png -> Видео: 001_01_At the Supermarket_en.mp4
2025-08-29 23:46:51,265 [INFO]   Картинка: D:\Entertaimant\Английский\! свои рассказы\Видео\001_01_At the Supermarket_en_with_text.png -> Видео: 001_01_At the Supermarket_en_with_text.mp4
2025-08-29 23:46:55,315 [INFO] Готово. Создано видео: 2
2025-08-30 00:57:01,524 [INFO] Старт make_video_from_audio_and_image
2025-08-30 00:57:01,526 [INFO] Найдено аудио-файлов: 30
2025-08-30 00:57:01,526 [INFO] (1/30) Аудио: D:\Entertaimant\Английский\! свои рассказы\Урок 1\001_01_At the Supermarket_di.mp3
2025-08-30 00:57:01,528 [INFO]   Картинка: D:\Entertaimant\Английский\! свои рассказы\Урок 1\001_01_At the Supermarket_di_bg.png -> Видео: D:\Entertaimant\Английский\! свои рассказы\Урок 1\001_01_At the Supermarket_di_bg.mp4
2025-08-30 00:57:03,645 [INFO] (2/30) Аудио: D:\Entertaimant\Английский\! свои рассказы\Урок 1\001_01_At the Supermarket_en.mp3
2025-08-30 00:57:03,647 [INFO]   Картинка: D:\Entertaimant\Английский\! свои рассказы\Урок 1\001_01_At the Supermarket_en_bg.png -> Видео: D:\Entertaimant\Английский\! свои рассказы\Урок 1\001_01_At the Supermarket_en_bg.mp4
2025-08-30 00:57:06,631 [INFO] (3/30) Аудио: D:\Entertaimant\Английский\! свои рассказы\Урок 1\001_01_At the Supermarket_ru.mp3
2025-08-30 00:57:06,633 [INFO]   Картинка: D:\Entertaimant\Английский\! свои рассказы\Урок 1\001_01_At the Supermarket_ru_bg.png -> Видео: D:\Entertaimant\Английский\! свои рассказы\Урок 1\001_01_At the Supermarket_ru_bg.mp4
2025-08-30 00:57:09,530 [INFO] (4/30) Аудио: D:\Entertaimant\Английский\! свои рассказы\Урок 1\001_02_Morning Coffee_di.mp3
2025-08-30 00:57:09,532 [INFO]   Картинка: D:\Entertaimant\Английский\! свои рассказы\Урок 1\001_02_Morning Coffee_di_bg.png -> Видео: D:\Entertaimant\Английский\! свои рассказы\Урок 1\001_02_Morning Coffee_di_bg.mp4
2025-08-30 00:57:11,170 [INFO] (5/30) Аудио: D:\Entertaimant\Английский\! свои рассказы\Урок 1\001_02_Morning Coffee_en.mp3
2025-08-30 00:57:11,172 [INFO]   Картинка: D:\Entertaimant\Английский\! свои рассказы\Урок 1\001_02_Morning Coffee_en_bg.png -> Видео: D:\Entertaimant\Английский\! свои рассказы\Урок 1\001_02_Morning Coffee_en_bg.mp4
2025-08-30 00:57:13,557 [INFO] (6/30) Аудио: D:\Entertaimant\Английский\! свои рассказы\Урок 1\001_02_Morning Coffee_ru.mp3
2025-08-30 00:57:13,558 [INFO]   Картинка: D:\Entertaimant\Английский\! свои рассказы\Урок 1\001_02_Morning Coffee_ru_bg.png -> Видео: D:\Entertaimant\Английский\! свои рассказы\Урок 1\001_02_Morning Coffee_ru_bg.mp4
2025-08-30 00:57:16,287 [INFO] (7/30) Аудио: D:\Entertaimant\Английский\! свои рассказы\Урок 1\001_03_Taking the Bus_di.mp3
2025-08-30 00:57:16,289 [INFO]   Картинка: D:\Entertaimant\Английский\! свои рассказы\Урок 1\001_03_Taking the Bus_di_bg.png -> Видео: D:\Entertaimant\Английский\! свои рассказы\Урок 1\001_03_Taking the Bus_di_bg.mp4
2025-08-30 00:57:18,129 [INFO] (8/30) Аудио: D:\Entertaimant\Английский\! свои рассказы\Урок 1\001_03_Taking the Bus_en.mp3
2025-08-30 00:57:18,131 [INFO]   Картинка: D:\Entertaimant\Английский\! свои рассказы\Урок 1\001_03_Taking the Bus_en_bg.png -> Видео: D:\Entertaimant\Английский\! свои рассказы\Урок 1\001_03_Taking the Bus_en_bg.mp4
2025-08-30 00:57:20,795 [INFO] (9/30) Аудио: D:\Entertaimant\Английский\! свои рассказы\Урок 1\001_03_Taking the Bus_ru.mp3
2025-08-30 00:57:20,797 [INFO]   Картинка: D:\Entertaimant\Английский\! свои рассказы\Урок 1\001_03_Taking the Bus_ru_bg.png -> Видео: D:\Entertaimant\Английский\! свои рассказы\Урок 1\001_03_Taking the Bus_ru_bg.mp4
2025-08-30 00:57:23,737 [INFO] (10/30) Аудио: D:\Entertaimant\Английский\! свои рассказы\Урок 1\001_04_At the Café_di.mp3
2025-08-30 00:57:23,739 [INFO]   Картинка: D:\Entertaimant\Английский\! свои рассказы\Урок 1\001_04_At the Café_di_bg.png -> Видео: D:\Entertaimant\Английский\! свои рассказы\Урок 1\001_04_At the Café_di_bg.mp4
2025-08-30 00:57:25,530 [INFO] (11/30) Аудио: D:\Entertaimant\Английский\! свои рассказы\Урок 1\001_04_At the Café_en.mp3
2025-08-30 00:57:25,532 [INFO]   Картинка: D:\Entertaimant\Английский\! свои рассказы\Урок 1\001_04_At the Café_en_bg.png -> Видео: D:\Entertaimant\Английский\! свои рассказы\Урок 1\001_04_At the Café_en_bg.mp4
2025-08-30 00:57:27,900 [INFO] (12/30) Аудио: D:\Entertaimant\Английский\! свои рассказы\Урок 1\001_04_At the Café_ru.mp3
2025-08-30 00:57:27,902 [INFO]   Картинка: D:\Entertaimant\Английский\! свои рассказы\Урок 1\001_04_At the Café_ru_bg.png -> Видео: D:\Entertaimant\Английский\! свои рассказы\Урок 1\001_04_At the Café_ru_bg.mp4
2025-08-30 00:57:30,598 [INFO] (13/30) Аудио: D:\Entertaimant\Английский\! свои рассказы\Урок 1\001_05_Traveling by Train_di.mp3
2025-08-30 00:57:30,600 [INFO]   Картинка: D:\Entertaimant\Английский\! свои рассказы\Урок 1\001_05_Traveling by Train_di_bg.png -> Видео: D:\Entertaimant\Английский\! свои рассказы\Урок 1\001_05_Traveling by Train_di_bg.mp4
2025-08-30 00:57:32,592 [INFO] (14/30) Аудио: D:\Entertaimant\Английский\! свои рассказы\Урок 1\001_05_Traveling by Train_en.mp3
2025-08-30 00:57:32,594 [INFO]   Картинка: D:\Entertaimant\Английский\! свои рассказы\Урок 1\001_05_Traveling by Train_en_bg.png -> Видео: D:\Entertaimant\Английский\! свои рассказы\Урок 1\001_05_Traveling by Train_en_bg.mp4
2025-08-30 00:57:34,950 [INFO] (15/30) Аудио: D:\Entertaimant\Английский\! свои рассказы\Урок 1\001_05_Traveling by Train_ru.mp3
2025-08-30 00:57:34,952 [INFO]   Картинка: D:\Entertaimant\Английский\! свои рассказы\Урок 1\001_05_Traveling by Train_ru_bg.png -> Видео: D:\Entertaimant\Английский\! свои рассказы\Урок 1\001_05_Traveling by Train_ru_bg.mp4
2025-08-30 00:57:37,358 [INFO] (16/30) Аудио: D:\Entertaimant\Английский\! свои рассказы\Урок 1\001_06_ At the Doctor’s_di.mp3
2025-08-30 00:57:37,360 [INFO]   Картинка: D:\Entertaimant\Английский\! свои рассказы\Урок 1\001_06_ At the Doctor’s_di_bg.png -> Видео: D:\Entertaimant\Английский\! свои рассказы\Урок 1\001_06_ At the Doctor’s_di_bg.mp4
2025-08-30 00:57:39,356 [INFO] (17/30) Аудио: D:\Entertaimant\Английский\! свои рассказы\Урок 1\001_06_ At the Doctor’s_en.mp3
2025-08-30 00:57:39,358 [INFO]   Картинка: D:\Entertaimant\Английский\! свои рассказы\Урок 1\001_06_ At the Doctor’s_en_bg.png -> Видео: D:\Entertaimant\Английский\! свои рассказы\Урок 1\001_06_ At the Doctor’s_en_bg.mp4
2025-08-30 00:57:41,786 [INFO] (18/30) Аудио: D:\Entertaimant\Английский\! свои рассказы\Урок 1\001_06_ At the Doctor’s_ru.mp3
2025-08-30 00:57:41,788 [INFO]   Картинка: D:\Entertaimant\Английский\! свои рассказы\Урок 1\001_06_ At the Doctor’s_ru_bg.png -> Видео: D:\Entertaimant\Английский\! свои рассказы\Урок 1\001_06_ At the Doctor’s_ru_bg.mp4
2025-08-30 00:57:44,465 [INFO] (19/30) Аудио: D:\Entertaimant\Английский\! свои рассказы\Урок 1\001_07_Weekend with Friends_di.mp3
2025-08-30 00:57:44,467 [INFO]   Картинка: D:\Entertaimant\Английский\! свои рассказы\Урок 1\001_07_Weekend with Friends_di_bg.png -> Видео: D:\Entertaimant\Английский\! свои рассказы\Урок 1\001_07_Weekend with Friends_di_bg.mp4
2025-08-30 00:57:46,419 [INFO] (20/30) Аудио: D:\Entertaimant\Английский\! свои рассказы\Урок 1\001_07_Weekend with Friends_en.mp3
2025-08-30 00:57:46,421 [INFO]   Картинка: D:\Entertaimant\Английский\! свои рассказы\Урок 1\001_07_Weekend with Friends_en_bg.png -> Видео: D:\Entertaimant\Английский\! свои рассказы\Урок 1\001_07_Weekend with Friends_en_bg.mp4
2025-08-30 00:57:48,582 [INFO] (21/30) Аудио: D:\Entertaimant\Английский\! свои рассказы\Урок 1\001_07_Weekend with Friends_ru.mp3
2025-08-30 00:57:48,584 [INFO]   Картинка: D:\Entertaimant\Английский\! свои рассказы\Урок 1\001_07_Weekend with Friends_ru_bg.png -> Видео: D:\Entertaimant\Английский\! свои рассказы\Урок 1\001_07_Weekend with Friends_ru_bg.mp4
2025-08-30 00:57:50,636 [INFO] (22/30) Аудио: D:\Entertaimant\Английский\! свои рассказы\Урок 1\001_08_Working in the Office_di.mp3
2025-08-30 00:57:50,638 [INFO]   Картинка: D:\Entertaimant\Английский\! свои рассказы\Урок 1\001_08_Working in the Office_di_bg.png -> Видео: D:\Entertaimant\Английский\! свои рассказы\Урок 1\001_08_Working in the Office_di_bg.mp4
2025-08-30 00:57:52,704 [INFO] (23/30) Аудио: D:\Entertaimant\Английский\! свои рассказы\Урок 1\001_08_Working in the Office_en.mp3
2025-08-30 00:57:52,706 [INFO]   Картинка: D:\Entertaimant\Английский\! свои рассказы\Урок 1\001_08_Working in the Office_en_bg.png -> Видео: D:\Entertaimant\Английский\! свои рассказы\Урок 1\001_08_Working in the Office_en_bg.mp4
2025-08-30 00:57:54,995 [INFO] (24/30) Аудио: D:\Entertaimant\Английский\! свои рассказы\Урок 1\001_08_Working in the Office_ru.mp3
2025-08-30 00:57:54,997 [INFO]   Картинка: D:\Entertaimant\Английский\! свои рассказы\Урок 1\001_08_Working in the Office_ru_bg.png -> Видео: D:\Entertaimant\Английский\! свои рассказы\Урок 1\001_08_Working in the Office_ru_bg.mp4
2025-08-30 00:57:57,268 [INFO] (25/30) Аудио: D:\Entertaimant\Английский\! свои рассказы\Урок 1\001_09_Vacation at the Beach_di.mp3
2025-08-30 00:57:57,270 [INFO]   Картинка: D:\Entertaimant\Английский\! свои рассказы\Урок 1\001_09_Vacation at the Beach_di_bg.png -> Видео: D:\Entertaimant\Английский\! свои рассказы\Урок 1\001_09_Vacation at the Beach_di_bg.mp4
2025-08-30 00:57:59,224 [INFO] (26/30) Аудио: D:\Entertaimant\Английский\! свои рассказы\Урок 1\001_09_Vacation at the Beach_en.mp3
2025-08-30 00:57:59,226 [INFO]   Картинка: D:\Entertaimant\Английский\! свои рассказы\Урок 1\001_09_Vacation at the Beach_en_bg.png -> Видео: D:\Entertaimant\Английский\! свои рассказы\Урок 1\001_09_Vacation at the Beach_en_bg.mp4
2025-08-30 00:58:01,643 [INFO] (27/30) Аудио: D:\Entertaimant\Английский\! свои рассказы\Урок 1\001_09_Vacation at the Beach_ru.mp3
2025-08-30 00:58:01,646 [INFO]   Картинка: D:\Entertaimant\Английский\! свои рассказы\Урок 1\001_09_Vacation at the Beach_ru_bg.png -> Видео: D:\Entertaimant\Английский\! свои рассказы\Урок 1\001_09_Vacation at the Beach_ru_bg.mp4
2025-08-30 00:58:03,764 [INFO] (28/30) Аудио: D:\Entertaimant\Английский\! свои рассказы\Урок 1\001_10_Evening Walk_di.mp3
2025-08-30 00:58:03,766 [INFO]   Картинка: D:\Entertaimant\Английский\! свои рассказы\Урок 1\001_10_Evening Walk_di_bg.png -> Видео: D:\Entertaimant\Английский\! свои рассказы\Урок 1\001_10_Evening Walk_di_bg.mp4
2025-08-30 00:58:05,712 [INFO] (29/30) Аудио: D:\Entertaimant\Английский\! свои рассказы\Урок 1\001_10_Evening Walk_en.mp3
2025-08-30 00:58:05,714 [INFO]   Картинка: D:\Entertaimant\Английский\! свои рассказы\Урок 1\001_10_Evening Walk_en_bg.png -> Видео: D:\Entertaimant\Английский\! свои рассказы\Урок 1\001_10_Evening Walk_en_bg.mp4
2025-08-30 00:58:07,931 [INFO] (30/30) Аудио: D:\Entertaimant\Английский\! свои рассказы\Урок 1\001_10_Evening Walk_ru.mp3
2025-08-30 00:58:07,933 [INFO]   Картинка: D:\Entertaimant\Английский\! свои рассказы\Урок 1\001_10_Evening Walk_ru_bg.png -> Видео: D:\Entertaimant\Английский\! свои рассказы\Урок 1\001_10_Evening Walk_ru_bg.mp4
2025-08-30 00:58:10,399 [INFO] Готово. Создано видео: 30
2025-08-30 01:16:16,229 [INFO] Старт make_video_from_audio_and_image
2025-08-30 01:16:16,231 [INFO] Найдено аудио-файлов: 30
2025-08-30 01:16:16,231 [INFO] (1/30) Аудио: D:\Entertaimant\Английский\! свои рассказы\Урок 1\001_01_At the Supermarket_di.mp3
2025-08-30 01:16:16,232 [INFO]   Картинка: D:\Entertaimant\Английский\! свои рассказы\Урок 1\001_01_At the Supermarket_di_bg.png -> Видео: D:\Entertaimant\Английский\! свои рассказы\Урок 1\001_01_At the Supermarket_di_bg.mp4
2025-08-30 01:16:18,132 [INFO] (2/30) Аудио: D:\Entertaimant\Английский\! свои рассказы\Урок 1\001_01_At the Supermarket_en.mp3
2025-08-30 01:16:18,134 [INFO]   Картинка: D:\Entertaimant\Английский\! свои рассказы\Урок 1\001_01_At the Supermarket_en_bg.png -> Видео: D:\Entertaimant\Английский\! свои рассказы\Урок 1\001_01_At the Supermarket_en_bg.mp4
2025-08-30 01:16:21,162 [INFO] (3/30) Аудио: D:\Entertaimant\Английский\! свои рассказы\Урок 1\001_01_At the Supermarket_ru.mp3
2025-08-30 01:16:21,164 [WARNING]   Картинка не найдена -> пропуск
2025-08-30 01:16:21,164 [INFO] (4/30) Аудио: D:\Entertaimant\Английский\! свои рассказы\Урок 1\001_02_Morning Coffee_di.mp3
2025-08-30 01:16:21,165 [INFO]   Картинка: D:\Entertaimant\Английский\! свои рассказы\Урок 1\001_02_Morning Coffee_di_bg.png -> Видео: D:\Entertaimant\Английский\! свои рассказы\Урок 1\001_02_Morning Coffee_di_bg.mp4
2025-08-30 01:16:22,822 [INFO] (5/30) Аудио: D:\Entertaimant\Английский\! свои рассказы\Урок 1\001_02_Morning Coffee_en.mp3
2025-08-30 01:16:22,824 [INFO]   Картинка: D:\Entertaimant\Английский\! свои рассказы\Урок 1\001_02_Morning Coffee_en_bg.png -> Видео: D:\Entertaimant\Английский\! свои рассказы\Урок 1\001_02_Morning Coffee_en_bg.mp4
2025-08-30 01:16:25,152 [INFO] (6/30) Аудио: D:\Entertaimant\Английский\! свои рассказы\Урок 1\001_02_Morning Coffee_ru.mp3
2025-08-30 01:16:25,154 [WARNING]   Картинка не найдена -> пропуск
2025-08-30 01:16:25,154 [INFO] (7/30) Аудио: D:\Entertaimant\Английский\! свои рассказы\Урок 1\001_03_Taking the Bus_di.mp3
2025-08-30 01:16:25,155 [INFO]   Картинка: D:\Entertaimant\Английский\! свои рассказы\Урок 1\001_03_Taking the Bus_di_bg.png -> Видео: D:\Entertaimant\Английский\! свои рассказы\Урок 1\001_03_Taking the Bus_di_bg.mp4
2025-08-30 01:16:26,961 [INFO] (8/30) Аудио: D:\Entertaimant\Английский\! свои рассказы\Урок 1\001_03_Taking the Bus_en.mp3
2025-08-30 01:16:26,962 [INFO]   Картинка: D:\Entertaimant\Английский\! свои рассказы\Урок 1\001_03_Taking the Bus_en_bg.png -> Видео: D:\Entertaimant\Английский\! свои рассказы\Урок 1\001_03_Taking the Bus_en_bg.mp4
2025-08-30 01:16:29,599 [INFO] (9/30) Аудио: D:\Entertaimant\Английский\! свои рассказы\Урок 1\001_03_Taking the Bus_ru.mp3
2025-08-30 01:16:29,601 [WARNING]   Картинка не найдена -> пропуск
2025-08-30 01:16:29,601 [INFO] (10/30) Аудио: D:\Entertaimant\Английский\! свои рассказы\Урок 1\001_04_At the Café_di.mp3
2025-08-30 01:16:29,603 [INFO]   Картинка: D:\Entertaimant\Английский\! свои рассказы\Урок 1\001_04_At the Café_di_bg.png -> Видео: D:\Entertaimant\Английский\! свои рассказы\Урок 1\001_04_At the Café_di_bg.mp4
2025-08-30 01:16:31,382 [INFO] (11/30) Аудио: D:\Entertaimant\Английский\! свои рассказы\Урок 1\001_04_At the Café_en.mp3
2025-08-30 01:16:31,384 [INFO]   Картинка: D:\Entertaimant\Английский\! свои рассказы\Урок 1\001_04_At the Café_en_bg.png -> Видео: D:\Entertaimant\Английский\! свои рассказы\Урок 1\001_04_At the Café_en_bg.mp4
2025-08-30 01:16:33,759 [INFO] (12/30) Аудио: D:\Entertaimant\Английский\! свои рассказы\Урок 1\001_04_At the Café_ru.mp3
2025-08-30 01:16:33,760 [WARNING]   Картинка не найдена -> пропуск
2025-08-30 01:16:33,760 [INFO] (13/30) Аудио: D:\Entertaimant\Английский\! свои рассказы\Урок 1\001_05_Traveling by Train_di.mp3
2025-08-30 01:16:33,762 [INFO]   Картинка: D:\Entertaimant\Английский\! свои рассказы\Урок 1\001_05_Traveling by Train_di_bg.png -> Видео: D:\Entertaimant\Английский\! свои рассказы\Урок 1\001_05_Traveling by Train_di_bg.mp4
2025-08-30 01:16:35,740 [INFO] (14/30) Аудио: D:\Entertaimant\Английский\! свои рассказы\Урок 1\001_05_Traveling by Train_en.mp3
2025-08-30 01:16:35,742 [INFO]   Картинка: D:\Entertaimant\Английский\! свои рассказы\Урок 1\001_05_Traveling by Train_en_bg.png -> Видео: D:\Entertaimant\Английский\! свои рассказы\Урок 1\001_05_Traveling by Train_en_bg.mp4
2025-08-30 01:16:38,280 [INFO] (15/30) Аудио: D:\Entertaimant\Английский\! свои рассказы\Урок 1\001_05_Traveling by Train_ru.mp3
2025-08-30 01:16:38,290 [WARNING]   Картинка не найдена -> пропуск
2025-08-30 01:16:38,290 [INFO] (16/30) Аудио: D:\Entertaimant\Английский\! свои рассказы\Урок 1\001_06_ At the Doctor’s_di.mp3
2025-08-30 01:16:38,292 [INFO]   Картинка: D:\Entertaimant\Английский\! свои рассказы\Урок 1\001_06_ At the Doctor’s_di_bg.png -> Видео: D:\Entertaimant\Английский\! свои рассказы\Урок 1\001_06_ At the Doctor’s_di_bg.mp4
2025-08-30 01:16:40,276 [INFO] (17/30) Аудио: D:\Entertaimant\Английский\! свои рассказы\Урок 1\001_06_ At the Doctor’s_en.mp3
2025-08-30 01:16:40,279 [INFO]   Картинка: D:\Entertaimant\Английский\! свои рассказы\Урок 1\001_06_ At the Doctor’s_en_bg.png -> Видео: D:\Entertaimant\Английский\! свои рассказы\Урок 1\001_06_ At the Doctor’s_en_bg.mp4
2025-08-30 01:16:42,675 [INFO] (18/30) Аудио: D:\Entertaimant\Английский\! свои рассказы\Урок 1\001_06_ At the Doctor’s_ru.mp3
2025-08-30 01:16:42,679 [WARNING]   Картинка не найдена -> пропуск
2025-08-30 01:16:42,679 [INFO] (19/30) Аудио: D:\Entertaimant\Английский\! свои рассказы\Урок 1\001_07_Weekend with Friends_di.mp3
2025-08-30 01:16:42,683 [INFO]   Картинка: D:\Entertaimant\Английский\! свои рассказы\Урок 1\001_07_Weekend with Friends_di_bg.png -> Видео: D:\Entertaimant\Английский\! свои рассказы\Урок 1\001_07_Weekend with Friends_di_bg.mp4
2025-08-30 01:16:44,659 [INFO] (20/30) Аудио: D:\Entertaimant\Английский\! свои рассказы\Урок 1\001_07_Weekend with Friends_en.mp3
2025-08-30 01:16:44,661 [INFO]   Картинка: D:\Entertaimant\Английский\! свои рассказы\Урок 1\001_07_Weekend with Friends_en_bg.png -> Видео: D:\Entertaimant\Английский\! свои рассказы\Урок 1\001_07_Weekend with Friends_en_bg.mp4
2025-08-30 01:16:46,829 [INFO] (21/30) Аудио: D:\Entertaimant\Английский\! свои рассказы\Урок 1\001_07_Weekend with Friends_ru.mp3
2025-08-30 01:16:46,833 [WARNING]   Картинка не найдена -> пропуск
2025-08-30 01:16:46,833 [INFO] (22/30) Аудио: D:\Entertaimant\Английский\! свои рассказы\Урок 1\001_08_Working in the Office_di.mp3
2025-08-30 01:16:46,837 [INFO]   Картинка: D:\Entertaimant\Английский\! свои рассказы\Урок 1\001_08_Working in the Office_di_bg.png -> Видео: D:\Entertaimant\Английский\! свои рассказы\Урок 1\001_08_Working in the Office_di_bg.mp4
2025-08-30 01:16:48,869 [INFO] (23/30) Аудио: D:\Entertaimant\Английский\! свои рассказы\Урок 1\001_08_Working in the Office_en.mp3
2025-08-30 01:16:48,873 [INFO]   Картинка: D:\Entertaimant\Английский\! свои рассказы\Урок 1\001_08_Working in the Office_en_bg.png -> Видео: D:\Entertaimant\Английский\! свои рассказы\Урок 1\001_08_Working in the Office_en_bg.mp4
2025-08-30 01:16:51,162 [INFO] (24/30) Аудио: D:\Entertaimant\Английский\! свои рассказы\Урок 1\001_08_Working in the Office_ru.mp3
2025-08-30 01:16:51,164 [WARNING]   Картинка не найдена -> пропуск
2025-08-30 01:16:51,164 [INFO] (25/30) Аудио: D:\Entertaimant\Английский\! свои рассказы\Урок 1\001_09_Vacation at the Beach_di.mp3
2025-08-30 01:16:51,165 [INFO]   Картинка: D:\Entertaimant\Английский\! свои рассказы\Урок 1\001_09_Vacation at the Beach_di_bg.png -> Видео: D:\Entertaimant\Английский\! свои рассказы\Урок 1\001_09_Vacation at the Beach_di_bg.mp4
2025-08-30 01:16:53,078 [INFO] (26/30) Аудио: D:\Entertaimant\Английский\! свои рассказы\Урок 1\001_09_Vacation at the Beach_en.mp3
2025-08-30 01:16:53,080 [INFO]   Картинка: D:\Entertaimant\Английский\! свои рассказы\Урок 1\001_09_Vacation at the Beach_en_bg.png -> Видео: D:\Entertaimant\Английский\! свои рассказы\Урок 1\001_09_Vacation at the Beach_en_bg.mp4
2025-08-30 01:16:55,469 [INFO] (27/30) Аудио: D:\Entertaimant\Английский\! свои рассказы\Урок 1\001_09_Vacation at the Beach_ru.mp3
2025-08-30 01:16:55,471 [WARNING]   Картинка не найдена -> пропуск
2025-08-30 01:16:55,471 [INFO] (28/30) Аудио: D:\Entertaimant\Английский\! свои рассказы\Урок 1\001_10_Evening Walk_di.mp3
2025-08-30 01:16:55,473 [INFO]   Картинка: D:\Entertaimant\Английский\! свои рассказы\Урок 1\001_10_Evening Walk_di_bg.png -> Видео: D:\Entertaimant\Английский\! свои рассказы\Урок 1\001_10_Evening Walk_di_bg.mp4
2025-08-30 01:16:57,441 [INFO] (29/30) Аудио: D:\Entertaimant\Английский\! свои рассказы\Урок 1\001_10_Evening Walk_en.mp3
2025-08-30 01:16:57,445 [INFO]   Картинка: D:\Entertaimant\Английский\! свои рассказы\Урок 1\001_10_Evening Walk_en_bg.png -> Видео: D:\Entertaimant\Английский\! свои рассказы\Урок 1\001_10_Evening Walk_en_bg.mp4
2025-08-30 01:16:59,657 [INFO] (30/30) Аудио: D:\Entertaimant\Английский\! свои рассказы\Урок 1\001_10_Evening Walk_ru.mp3
2025-08-30 01:16:59,660 [WARNING]   Картинка не найдена -> пропуск
2025-08-30 01:16:59,661 [INFO] Готово. Создано видео: 20
2025-08-30 01:22:43,812 [INFO] Старт make_video_from_audio_and_image
2025-08-30 01:22:43,814 [INFO] Найдено аудио-файлов: 30
2025-08-30 01:22:43,814 [INFO] (1/30) Аудио: D:\Entertaimant\Английский\! свои рассказы\Урок 1\001_01_At the Supermarket_di.mp3
2025-08-30 01:22:43,816 [INFO]   Картинка: D:\Entertaimant\Английский\! свои рассказы\Урок 1\001_01_At the Supermarket_di_bg.png -> Видео: 001_01_At the Supermarket_di_bg.mp4
2025-08-30 01:22:45,576 [INFO] (2/30) Аудио: D:\Entertaimant\Английский\! свои рассказы\Урок 1\001_01_At the Supermarket_en.mp3
2025-08-30 01:22:45,578 [INFO]   Картинка: D:\Entertaimant\Английский\! свои рассказы\Урок 1\001_01_At the Supermarket_en_bg.png -> Видео: 001_01_At the Supermarket_en_bg.mp4
2025-08-30 01:22:48,359 [INFO] (3/30) Аудио: D:\Entertaimant\Английский\! свои рассказы\Урок 1\001_01_At the Supermarket_ru.mp3
2025-08-30 01:22:48,361 [WARNING]   Картинка не найдена -> пропуск
2025-08-30 01:22:48,361 [INFO] (4/30) Аудио: D:\Entertaimant\Английский\! свои рассказы\Урок 1\001_02_Morning Coffee_di.mp3
2025-08-30 01:22:48,363 [INFO]   Картинка: D:\Entertaimant\Английский\! свои рассказы\Урок 1\001_02_Morning Coffee_di_bg.png -> Видео: 001_02_Morning Coffee_di_bg.mp4
2025-08-30 01:22:49,884 [INFO] (5/30) Аудио: D:\Entertaimant\Английский\! свои рассказы\Урок 1\001_02_Morning Coffee_en.mp3
2025-08-30 01:22:49,886 [INFO]   Картинка: D:\Entertaimant\Английский\! свои рассказы\Урок 1\001_02_Morning Coffee_en_bg.png -> Видео: 001_02_Morning Coffee_en_bg.mp4
2025-08-30 01:22:52,062 [INFO] (6/30) Аудио: D:\Entertaimant\Английский\! свои рассказы\Урок 1\001_02_Morning Coffee_ru.mp3
2025-08-30 01:22:52,063 [WARNING]   Картинка не найдена -> пропуск
2025-08-30 01:22:52,063 [INFO] (7/30) Аудио: D:\Entertaimant\Английский\! свои рассказы\Урок 1\001_03_Taking the Bus_di.mp3
2025-08-30 01:22:52,065 [INFO]   Картинка: D:\Entertaimant\Английский\! свои рассказы\Урок 1\001_03_Taking the Bus_di_bg.png -> Видео: 001_03_Taking the Bus_di_bg.mp4
2025-08-30 01:22:53,755 [INFO] (8/30) Аудио: D:\Entertaimant\Английский\! свои рассказы\Урок 1\001_03_Taking the Bus_en.mp3
2025-08-30 01:22:53,757 [INFO]   Картинка: D:\Entertaimant\Английский\! свои рассказы\Урок 1\001_03_Taking the Bus_en_bg.png -> Видео: 001_03_Taking the Bus_en_bg.mp4
2025-08-30 01:22:56,221 [INFO] (9/30) Аудио: D:\Entertaimant\Английский\! свои рассказы\Урок 1\001_03_Taking the Bus_ru.mp3
2025-08-30 01:22:56,223 [WARNING]   Картинка не найдена -> пропуск
2025-08-30 01:22:56,223 [INFO] (10/30) Аудио: D:\Entertaimant\Английский\! свои рассказы\Урок 1\001_04_At the Café_di.mp3
2025-08-30 01:22:56,224 [INFO]   Картинка: D:\Entertaimant\Английский\! свои рассказы\Урок 1\001_04_At the Café_di_bg.png -> Видео: 001_04_At the Café_di_bg.mp4
2025-08-30 01:22:57,846 [INFO] (11/30) Аудио: D:\Entertaimant\Английский\! свои рассказы\Урок 1\001_04_At the Café_en.mp3
2025-08-30 01:22:57,847 [INFO]   Картинка: D:\Entertaimant\Английский\! свои рассказы\Урок 1\001_04_At the Café_en_bg.png -> Видео: 001_04_At the Café_en_bg.mp4
2025-08-30 01:23:00,070 [INFO] (12/30) Аудио: D:\Entertaimant\Английский\! свои рассказы\Урок 1\001_04_At the Café_ru.mp3
2025-08-30 01:23:00,072 [WARNING]   Картинка не найдена -> пропуск
2025-08-30 01:23:00,072 [INFO] (13/30) Аудио: D:\Entertaimant\Английский\! свои рассказы\Урок 1\001_05_Traveling by Train_di.mp3
2025-08-30 01:23:00,074 [INFO]   Картинка: D:\Entertaimant\Английский\! свои рассказы\Урок 1\001_05_Traveling by Train_di_bg.png -> Видео: 001_05_Traveling by Train_di_bg.mp4
2025-08-30 01:23:01,883 [INFO] (14/30) Аудио: D:\Entertaimant\Английский\! свои рассказы\Урок 1\001_05_Traveling by Train_en.mp3
2025-08-30 01:23:01,884 [INFO]   Картинка: D:\Entertaimant\Английский\! свои рассказы\Урок 1\001_05_Traveling by Train_en_bg.png -> Видео: 001_05_Traveling by Train_en_bg.mp4
2025-08-30 01:23:04,102 [INFO] (15/30) Аудио: D:\Entertaimant\Английский\! свои рассказы\Урок 1\001_05_Traveling by Train_ru.mp3
2025-08-30 01:23:04,103 [WARNING]   Картинка не найдена -> пропуск
2025-08-30 01:23:04,103 [INFO] (16/30) Аудио: D:\Entertaimant\Английский\! свои рассказы\Урок 1\001_06_ At the Doctor’s_di.mp3
2025-08-30 01:23:04,105 [INFO]   Картинка: D:\Entertaimant\Английский\! свои рассказы\Урок 1\001_06_ At the Doctor’s_di_bg.png -> Видео: 001_06_ At the Doctor’s_di_bg.mp4
2025-08-30 01:23:05,922 [INFO] (17/30) Аудио: D:\Entertaimant\Английский\! свои рассказы\Урок 1\001_06_ At the Doctor’s_en.mp3
2025-08-30 01:23:05,924 [INFO]   Картинка: D:\Entertaimant\Английский\! свои рассказы\Урок 1\001_06_ At the Doctor’s_en_bg.png -> Видео: 001_06_ At the Doctor’s_en_bg.mp4
2025-08-30 01:23:08,199 [INFO] (18/30) Аудио: D:\Entertaimant\Английский\! свои рассказы\Урок 1\001_06_ At the Doctor’s_ru.mp3
2025-08-30 01:23:08,201 [WARNING]   Картинка не найдена -> пропуск
2025-08-30 01:23:08,201 [INFO] (19/30) Аудио: D:\Entertaimant\Английский\! свои рассказы\Урок 1\001_07_Weekend with Friends_di.mp3
2025-08-30 01:23:08,202 [INFO]   Картинка: D:\Entertaimant\Английский\! свои рассказы\Урок 1\001_07_Weekend with Friends_di_bg.png -> Видео: 001_07_Weekend with Friends_di_bg.mp4
2025-08-30 01:23:10,004 [INFO] (20/30) Аудио: D:\Entertaimant\Английский\! свои рассказы\Урок 1\001_07_Weekend with Friends_en.mp3
2025-08-30 01:23:10,006 [INFO]   Картинка: D:\Entertaimant\Английский\! свои рассказы\Урок 1\001_07_Weekend with Friends_en_bg.png -> Видео: 001_07_Weekend with Friends_en_bg.mp4
2025-08-30 01:23:11,988 [INFO] (21/30) Аудио: D:\Entertaimant\Английский\! свои рассказы\Урок 1\001_07_Weekend with Friends_ru.mp3
2025-08-30 01:23:11,990 [WARNING]   Картинка не найдена -> пропуск
2025-08-30 01:23:11,990 [INFO] (22/30) Аудио: D:\Entertaimant\Английский\! свои рассказы\Урок 1\001_08_Working in the Office_di.mp3
2025-08-30 01:23:11,992 [INFO]   Картинка: D:\Entertaimant\Английский\! свои рассказы\Урок 1\001_08_Working in the Office_di_bg.png -> Видео: 001_08_Working in the Office_di_bg.mp4
2025-08-30 01:23:13,884 [INFO] (23/30) Аудио: D:\Entertaimant\Английский\! свои рассказы\Урок 1\001_08_Working in the Office_en.mp3
2025-08-30 01:23:13,886 [INFO]   Картинка: D:\Entertaimant\Английский\! свои рассказы\Урок 1\001_08_Working in the Office_en_bg.png -> Видео: 001_08_Working in the Office_en_bg.mp4
2025-08-30 01:23:15,939 [INFO] (24/30) Аудио: D:\Entertaimant\Английский\! свои рассказы\Урок 1\001_08_Working in the Office_ru.mp3
2025-08-30 01:23:15,941 [WARNING]   Картинка не найдена -> пропуск
2025-08-30 01:23:15,941 [INFO] (25/30) Аудио: D:\Entertaimant\Английский\! свои рассказы\Урок 1\001_09_Vacation at the Beach_di.mp3
2025-08-30 01:23:15,942 [INFO]   Картинка: D:\Entertaimant\Английский\! свои рассказы\Урок 1\001_09_Vacation at the Beach_di_bg.png -> Видео: 001_09_Vacation at the Beach_di_bg.mp4
2025-08-30 01:23:17,698 [INFO] (26/30) Аудио: D:\Entertaimant\Английский\! свои рассказы\Урок 1\001_09_Vacation at the Beach_en.mp3
2025-08-30 01:23:17,700 [INFO]   Картинка: D:\Entertaimant\Английский\! свои рассказы\Урок 1\001_09_Vacation at the Beach_en_bg.png -> Видео: 001_09_Vacation at the Beach_en_bg.mp4
2025-08-30 01:23:19,856 [INFO] (27/30) Аудио: D:\Entertaimant\Английский\! свои рассказы\Урок 1\001_09_Vacation at the Beach_ru.mp3
2025-08-30 01:23:19,858 [WARNING]   Картинка не найдена -> пропуск
2025-08-30 01:23:19,858 [INFO] (28/30) Аудио: D:\Entertaimant\Английский\! свои рассказы\Урок 1\001_10_Evening Walk_di.mp3
2025-08-30 01:23:19,860 [INFO]   Картинка: D:\Entertaimant\Английский\! свои рассказы\Урок 1\001_10_Evening Walk_di_bg.png -> Видео: 001_10_Evening Walk_di_bg.mp4
2025-08-30 01:23:21,652 [INFO] (29/30) Аудио: D:\Entertaimant\Английский\! свои рассказы\Урок 1\001_10_Evening Walk_en.mp3
2025-08-30 01:23:21,654 [INFO]   Картинка: D:\Entertaimant\Английский\! свои рассказы\Урок 1\001_10_Evening Walk_en_bg.png -> Видео: 001_10_Evening Walk_en_bg.mp4
2025-08-30 01:23:23,695 [INFO] (30/30) Аудио: D:\Entertaimant\Английский\! свои рассказы\Урок 1\001_10_Evening Walk_ru.mp3
2025-08-30 01:23:23,697 [WARNING]   Картинка не найдена -> пропуск
2025-08-30 01:23:23,697 [INFO] Готово. Создано видео: 20
2025-08-30 01:40:09,418 [INFO] Старт make_video_from_audio_and_image
2025-08-30 01:40:09,418 [ERROR] Неизвестный режим input.mode: dir
2025-08-30 01:40:09,418 [WARNING] Аудио не найдено. Проверьте input.mode и параметры.
2025-08-30 01:41:06,683 [INFO] Старт make_video_from_audio_and_image
2025-08-30 01:41:06,686 [INFO] Найдено аудио-файлов: 50
2025-08-30 01:41:06,687 [INFO] (1/50) Аудио: D:\Entertaimant\Английский\! свои рассказы\Урок 2\002_01 Athens and Democracy_en.mp3
2025-08-30 01:41:06,688 [INFO]   Картинка: D:\Entertaimant\Английский\! свои рассказы\Урок 2\002_01 Athens and Democracy_en_bg.png -> Видео: 002_01 Athens and Democracy_en_bg.mp4
2025-08-30 01:41:08,638 [INFO] (2/50) Аудио: D:\Entertaimant\Английский\! свои рассказы\Урок 2\002_01 Athens and Democracy_ru.mp3
2025-08-30 01:41:08,639 [WARNING]   Картинка не найдена -> пропуск
2025-08-30 01:41:08,639 [INFO] (3/50) Аудио: D:\Entertaimant\Английский\! свои рассказы\Урок 2\002_02 The Vikings_en.mp3
2025-08-30 01:41:08,640 [INFO]   Картинка: D:\Entertaimant\Английский\! свои рассказы\Урок 2\002_02 The Vikings_en_bg.png -> Видео: 002_02 The Vikings_en_bg.mp4
2025-08-30 01:41:10,512 [INFO] (4/50) Аудио: D:\Entertaimant\Английский\! свои рассказы\Урок 2\002_02 The Vikings_ru.mp3
2025-08-30 01:41:10,513 [WARNING]   Картинка не найдена -> пропуск
2025-08-30 01:41:10,513 [INFO] (5/50) Аудио: D:\Entertaimant\Английский\! свои рассказы\Урок 2\002_03 The Leaning Tower of Pisa_en.mp3
2025-08-30 01:41:10,514 [INFO]   Картинка: D:\Entertaimant\Английский\! свои рассказы\Урок 2\002_03 The Leaning Tower of Pisa_en_bg.png -> Видео: 002_03 The Leaning Tower of Pisa_en_bg.mp4
2025-08-30 01:41:12,364 [INFO] (6/50) Аудио: D:\Entertaimant\Английский\! свои рассказы\Урок 2\002_03 The Leaning Tower of Pisa_ru.mp3
2025-08-30 01:41:12,365 [WARNING]   Картинка не найдена -> пропуск
2025-08-30 01:41:12,365 [INFO] (7/50) Аудио: D:\Entertaimant\Английский\! свои рассказы\Урок 2\002_04 The Swiss Alps_en.mp3
2025-08-30 01:41:12,366 [INFO]   Картинка: D:\Entertaimant\Английский\! свои рассказы\Урок 2\002_04 The Swiss Alps_en_bg.png -> Видео: 002_04 The Swiss Alps_en_bg.mp4
2025-08-30 01:41:14,260 [INFO] (8/50) Аудио: D:\Entertaimant\Английский\! свои рассказы\Урок 2\002_04 The Swiss Alps_ru.mp3
2025-08-30 01:41:14,261 [WARNING]   Картинка не найдена -> пропуск
2025-08-30 01:41:14,261 [INFO] (9/50) Аудио: D:\Entertaimant\Английский\! свои рассказы\Урок 2\002_05 Amsterdam and Bicycles_en.mp3
2025-08-30 01:41:14,263 [INFO]   Картинка: D:\Entertaimant\Английский\! свои рассказы\Урок 2\002_05 Amsterdam and Bicycles_en_bg.png -> Видео: 002_05 Amsterdam and Bicycles_en_bg.mp4
2025-08-30 01:41:16,057 [INFO] (10/50) Аудио: D:\Entertaimant\Английский\! свои рассказы\Урок 2\002_05 Amsterdam and Bicycles_ru.mp3
2025-08-30 01:41:16,058 [WARNING]   Картинка не найдена -> пропуск
2025-08-30 01:41:16,058 [INFO] (11/50) Аудио: D:\Entertaimant\Английский\! свои рассказы\Урок 2\002_06 The London Underground_en.mp3
2025-08-30 01:41:16,059 [INFO]   Картинка: D:\Entertaimant\Английский\! свои рассказы\Урок 2\002_06 The London Underground_en_bg.png -> Видео: 002_06 The London Underground_en_bg.mp4
2025-08-30 01:41:17,930 [INFO] (12/50) Аудио: D:\Entertaimant\Английский\! свои рассказы\Урок 2\002_06 The London Underground_ru.mp3
2025-08-30 01:41:17,932 [WARNING]   Картинка не найдена -> пропуск
2025-08-30 01:41:17,932 [INFO] (13/50) Аудио: D:\Entertaimant\Английский\! свои рассказы\Урок 2\002_07 The French Revolution_en.mp3
2025-08-30 01:41:17,933 [INFO]   Картинка: D:\Entertaimant\Английский\! свои рассказы\Урок 2\002_07 The French Revolution_en_bg.png -> Видео: 002_07 The French Revolution_en_bg.mp4
2025-08-30 01:41:19,888 [INFO] (14/50) Аудио: D:\Entertaimant\Английский\! свои рассказы\Урок 2\002_07 The French Revolution_ru.mp3
2025-08-30 01:41:19,889 [WARNING]   Картинка не найдена -> пропуск
2025-08-30 01:41:19,889 [INFO] (15/50) Аудио: D:\Entertaimant\Английский\! свои рассказы\Урок 2\002_08 New Orleans and Jazz_en.mp3
2025-08-30 01:41:19,890 [INFO]   Картинка: D:\Entertaimant\Английский\! свои рассказы\Урок 2\002_08 New Orleans and Jazz_en_bg.png -> Видео: 002_08 New Orleans and Jazz_en_bg.mp4
2025-08-30 01:41:21,714 [INFO] (16/50) Аудио: D:\Entertaimant\Английский\! свои рассказы\Урок 2\002_08 New Orleans and Jazz_ru.mp3
2025-08-30 01:41:21,716 [WARNING]   Картинка не найдена -> пропуск
2025-08-30 01:41:21,716 [INFO] (17/50) Аудио: D:\Entertaimant\Английский\! свои рассказы\Урок 2\002_09 Hollywood_en.mp3
2025-08-30 01:41:21,717 [INFO]   Картинка: D:\Entertaimant\Английский\! свои рассказы\Урок 2\002_09 Hollywood_en_bg.png -> Видео: 002_09 Hollywood_en_bg.mp4
2025-08-30 01:41:23,300 [INFO] (18/50) Аудио: D:\Entertaimant\Английский\! свои рассказы\Урок 2\002_09 Hollywood_ru.mp3
2025-08-30 01:41:23,302 [WARNING]   Картинка не найдена -> пропуск
2025-08-30 01:41:23,302 [INFO] (19/50) Аудио: D:\Entertaimant\Английский\! свои рассказы\Урок 2\002_10 Washington D.C._en.mp3
2025-08-30 01:41:23,303 [INFO]   Картинка: D:\Entertaimant\Английский\! свои рассказы\Урок 2\002_10 Washington D.C._en_bg.png -> Видео: 002_10 Washington D.C._en_bg.mp4
2025-08-30 01:41:24,994 [INFO] (20/50) Аудио: D:\Entertaimant\Английский\! свои рассказы\Урок 2\002_10 Washington D.C._ru.mp3
2025-08-30 01:41:24,995 [WARNING]   Картинка не найдена -> пропуск
2025-08-30 01:41:24,995 [INFO] (21/50) Аудио: D:\Entertaimant\Английский\! свои рассказы\Урок 3\003_01 Sigmund Freud and Dreams (psychology + Jewish history)_di.mp3
2025-08-30 01:41:24,997 [INFO]   Картинка: D:\Entertaimant\Английский\! свои рассказы\Урок 3\003_01 Sigmund Freud and Dreams (psychology + Jewish history)_di_bg.png -> Видео: 003_01 Sigmund Freud and Dreams (psychology + Jewish history)_di_bg.mp4
2025-08-30 01:41:28,954 [INFO] (22/50) Аудио: D:\Entertaimant\Английский\! свои рассказы\Урок 3\003_01 Sigmund Freud and Dreams (psychology + Jewish history)_en.mp3
2025-08-30 01:41:28,956 [INFO]   Картинка: D:\Entertaimant\Английский\! свои рассказы\Урок 3\003_01 Sigmund Freud and Dreams (psychology + Jewish history)_en_bg.png -> Видео: 003_01 Sigmund Freud and Dreams (psychology + Jewish history)_en_bg.mp4
2025-08-30 01:41:30,936 [INFO] (23/50) Аудио: D:\Entertaimant\Английский\! свои рассказы\Урок 3\003_01 Sigmund Freud and Dreams (psychology + Jewish history)_ru.mp3
2025-08-30 01:41:30,937 [WARNING]   Картинка не найдена -> пропуск
2025-08-30 01:41:30,938 [INFO] (24/50) Аудио: D:\Entertaimant\Английский\! свои рассказы\Урок 3\003_02 Jewish Food and Family (culinary + religion + health)_di.mp3
2025-08-30 01:41:30,939 [INFO]   Картинка: D:\Entertaimant\Английский\! свои рассказы\Урок 3\003_02 Jewish Food and Family (culinary + religion + health)_di_bg.png -> Видео: 003_02 Jewish Food and Family (culinary + religion + health)_di_bg.mp4
2025-08-30 01:41:33,901 [INFO] (25/50) Аудио: D:\Entertaimant\Английский\! свои рассказы\Урок 3\003_02 Jewish Food and Family (culinary + religion + health)_en.mp3
2025-08-30 01:41:33,903 [INFO]   Картинка: D:\Entertaimant\Английский\! свои рассказы\Урок 3\003_02 Jewish Food and Family (culinary + religion + health)_en_bg.png -> Видео: 003_02 Jewish Food and Family (culinary + religion + health)_en_bg.mp4
2025-08-30 01:41:36,243 [INFO] (26/50) Аудио: D:\Entertaimant\Английский\! свои рассказы\Урок 3\003_02 Jewish Food and Family (culinary + religion + health)_ru.mp3
2025-08-30 01:41:36,244 [WARNING]   Картинка не найдена -> пропуск
2025-08-30 01:41:36,244 [INFO] (27/50) Аудио: D:\Entertaimant\Английский\! свои рассказы\Урок 3\003_03 Sport and Mountains (sport + travel + confusing words)_di.mp3
2025-08-30 01:41:36,246 [INFO]   Картинка: D:\Entertaimant\Английский\! свои рассказы\Урок 3\003_03 Sport and Mountains (sport + travel + confusing words)_di_bg.png -> Видео: 003_03 Sport and Mountains (sport + travel + confusing words)_di_bg.mp4
2025-08-30 01:41:38,981 [INFO] (28/50) Аудио: D:\Entertaimant\Английский\! свои рассказы\Урок 3\003_03 Sport and Mountains (sport + travel + confusing words)_en.mp3
2025-08-30 01:41:38,983 [INFO]   Картинка: D:\Entertaimant\Английский\! свои рассказы\Урок 3\003_03 Sport and Mountains (sport + travel + confusing words)_en_bg.png -> Видео: 003_03 Sport and Mountains (sport + travel + confusing words)_en_bg.mp4
2025-08-30 01:41:41,189 [INFO] (29/50) Аудио: D:\Entertaimant\Английский\! свои рассказы\Урок 3\003_03 Sport and Mountains (sport + travel + confusing words)_ru.mp3
2025-08-30 01:41:41,190 [WARNING]   Картинка не найдена -> пропуск
2025-08-30 01:41:41,190 [INFO] (30/50) Аудио: D:\Entertaimant\Английский\! свои рассказы\Урок 3\003_04 Jerusalem Wall and Market_di.mp3
2025-08-30 01:41:41,192 [INFO]   Картинка: D:\Entertaimant\Английский\! свои рассказы\Урок 3\003_04 Jerusalem Wall and Market_di_bg.png -> Видео: 003_04 Jerusalem Wall and Market_di_bg.mp4
2025-08-30 01:41:44,941 [INFO] (31/50) Аудио: D:\Entertaimant\Английский\! свои рассказы\Урок 3\003_04 Jerusalem Wall and Market_en.mp3
2025-08-30 01:41:44,942 [INFO]   Картинка: D:\Entertaimant\Английский\! свои рассказы\Урок 3\003_04 Jerusalem Wall and Market_en_bg.png -> Видео: 003_04 Jerusalem Wall and Market_en_bg.mp4
2025-08-30 01:41:47,375 [INFO] (32/50) Аудио: D:\Entertaimant\Английский\! свои рассказы\Урок 3\003_04 Jerusalem Wall and Market_ru.mp3
2025-08-30 01:41:47,376 [WARNING]   Картинка не найдена -> пропуск
2025-08-30 01:41:47,376 [INFO] (33/50) Аудио: D:\Entertaimant\Английский\! свои рассказы\Урок 3\003_05 Bands, Parades and “Paradise”_di.mp3
2025-08-30 01:41:47,378 [INFO]   Картинка: D:\Entertaimant\Английский\! свои рассказы\Урок 3\003_05 Bands, Parades and “Paradise”_di_bg.png -> Видео: 003_05 Bands, Parades and “Paradise”_di_bg.mp4
2025-08-30 01:41:50,163 [INFO] (34/50) Аудио: D:\Entertaimant\Английский\! свои рассказы\Урок 3\003_05 Bands, Parades and “Paradise”_en.mp3
2025-08-30 01:41:50,164 [INFO]   Картинка: D:\Entertaimant\Английский\! свои рассказы\Урок 3\003_05 Bands, Parades and “Paradise”_en_bg.png -> Видео: 003_05 Bands, Parades and “Paradise”_en_bg.mp4
2025-08-30 01:41:52,595 [INFO] (35/50) Аудио: D:\Entertaimant\Английский\! свои рассказы\Урок 3\003_05 Bands, Parades and “Paradise”_ru.mp3
2025-08-30 01:41:52,597 [WARNING]   Картинка не найдена -> пропуск
2025-08-30 01:41:52,597 [INFO] (36/50) Аудио: D:\Entertaimant\Английский\! свои рассказы\Урок 3\003_06 Healthy Breakfast Cereal vs Serial_di.mp3
2025-08-30 01:41:52,598 [INFO]   Картинка: D:\Entertaimant\Английский\! свои рассказы\Урок 3\003_06 Healthy Breakfast Cereal vs Serial_di_bg.png -> Видео: 003_06 Healthy Breakfast Cereal vs Serial_di_bg.mp4
2025-08-30 01:41:56,405 [INFO] (37/50) Аудио: D:\Entertaimant\Английский\! свои рассказы\Урок 3\003_06 Healthy Breakfast Cereal vs Serial_en.mp3
2025-08-30 01:41:56,406 [INFO]   Картинка: D:\Entertaimant\Английский\! свои рассказы\Урок 3\003_06 Healthy Breakfast Cereal vs Serial_en_bg.png -> Видео: 003_06 Healthy Breakfast Cereal vs Serial_en_bg.mp4
2025-08-30 01:41:58,746 [INFO] (38/50) Аудио: D:\Entertaimant\Английский\! свои рассказы\Урок 3\003_06 Healthy Breakfast Cereal vs Serial_ru.mp3
2025-08-30 01:41:58,748 [WARNING]   Картинка не найдена -> пропуск
2025-08-30 01:41:58,748 [INFO] (39/50) Аудио: D:\Entertaimant\Английский\! свои рассказы\Урок 3\003_07 Gym Brotherhood Lose vs Loose_di.mp3
2025-08-30 01:41:58,750 [INFO]   Картинка: D:\Entertaimant\Английский\! свои рассказы\Урок 3\003_07 Gym Brotherhood Lose vs Loose_di_bg.png -> Видео: 003_07 Gym Brotherhood Lose vs Loose_di_bg.mp4
2025-08-30 01:42:02,143 [INFO] (40/50) Аудио: D:\Entertaimant\Английский\! свои рассказы\Урок 3\003_07 Gym Brotherhood Lose vs Loose_en.mp3
2025-08-30 01:42:02,145 [INFO]   Картинка: D:\Entertaimant\Английский\! свои рассказы\Урок 3\003_07 Gym Brotherhood Lose vs Loose_en_bg.png -> Видео: 003_07 Gym Brotherhood Lose vs Loose_en_bg.mp4
2025-08-30 01:42:04,420 [INFO] (41/50) Аудио: D:\Entertaimant\Английский\! свои рассказы\Урок 3\003_07 Gym Brotherhood Lose vs Loose_ru.mp3
2025-08-30 01:42:04,422 [WARNING]   Картинка не найдена -> пропуск
2025-08-30 01:42:04,422 [INFO] (42/50) Аудио: D:\Entertaimant\Английский\! свои рассказы\Урок 3\003_08 Desert or Dessert_di.mp3
2025-08-30 01:42:04,424 [INFO]   Картинка: D:\Entertaimant\Английский\! свои рассказы\Урок 3\003_08 Desert or Dessert_di_bg.png -> Видео: 003_08 Desert or Dessert_di_bg.mp4
2025-08-30 01:42:07,791 [INFO] (43/50) Аудио: D:\Entertaimant\Английский\! свои рассказы\Урок 3\003_08 Desert or Dessert_en.mp3
2025-08-30 01:42:07,793 [INFO]   Картинка: D:\Entertaimant\Английский\! свои рассказы\Урок 3\003_08 Desert or Dessert_en_bg.png -> Видео: 003_08 Desert or Dessert_en_bg.mp4
2025-08-30 01:42:09,809 [INFO] (44/50) Аудио: D:\Entertaimant\Английский\! свои рассказы\Урок 3\003_08 Desert or Dessert_ru.mp3
2025-08-30 01:42:09,811 [WARNING]   Картинка не найдена -> пропуск
2025-08-30 01:42:09,811 [INFO] (45/50) Аудио: D:\Entertaimant\Английский\! свои рассказы\Урок 3\003_09 Quiet Evenings, Quite Productive_di.mp3
2025-08-30 01:42:09,813 [INFO]   Картинка: D:\Entertaimant\Английский\! свои рассказы\Урок 3\003_09 Quiet Evenings, Quite Productive_di_bg.png -> Видео: 003_09 Quiet Evenings, Quite Productive_di_bg.mp4
2025-08-30 01:42:13,653 [INFO] (46/50) Аудио: D:\Entertaimant\Английский\! свои рассказы\Урок 3\003_09 Quiet Evenings, Quite Productive_en.mp3
2025-08-30 01:42:13,655 [INFO]   Картинка: D:\Entertaimant\Английский\! свои рассказы\Урок 3\003_09 Quiet Evenings, Quite Productive_en_bg.png -> Видео: 003_09 Quiet Evenings, Quite Productive_en_bg.mp4
2025-08-30 01:42:15,775 [INFO] (47/50) Аудио: D:\Entertaimant\Английский\! свои рассказы\Урок 3\003_09 Quiet Evenings, Quite Productive_ru.mp3
2025-08-30 01:42:15,777 [WARNING]   Картинка не найдена -> пропуск
2025-08-30 01:42:15,777 [INFO] (48/50) Аудио: D:\Entertaimant\Английский\! свои рассказы\Урок 3\003_10 Proverbs and Community_di.mp3
2025-08-30 01:42:15,779 [INFO]   Картинка: D:\Entertaimant\Английский\! свои рассказы\Урок 3\003_10 Proverbs and Community_di_bg.png -> Видео: 003_10 Proverbs and Community_di_bg.mp4
2025-08-30 01:42:19,762 [INFO] (49/50) Аудио: D:\Entertaimant\Английский\! свои рассказы\Урок 3\003_10 Proverbs and Community_en.mp3
2025-08-30 01:42:19,764 [INFO]   Картинка: D:\Entertaimant\Английский\! свои рассказы\Урок 3\003_10 Proverbs and Community_en_bg.png -> Видео: 003_10 Proverbs and Community_en_bg.mp4
2025-08-30 01:42:22,011 [INFO] (50/50) Аудио: D:\Entertaimant\Английский\! свои рассказы\Урок 3\003_10 Proverbs and Community_ru.mp3
2025-08-30 01:42:22,013 [WARNING]   Картинка не найдена -> пропуск
2025-08-30 01:42:22,013 [INFO] Готово. Создано видео: 30
